d:\computer graphics\openmesh_ex\openmesh_ex_beifen\openmesh_ex\debug\vc141.pdb
d:\computer graphics\openmesh_ex\openmesh_ex_beifen\openmesh_ex\debug\myform.obj
d:\computer graphics\openmesh_ex\openmesh_ex_beifen\openmesh_ex\debug\gua_om.obj
d:\computer graphics\openmesh_ex\openmesh_ex_beifen\openmesh_ex\debug\glcamera.obj
d:\computer graphics\openmesh_ex\openmesh_ex_beifen\openmesh_ex\debug\dotnetuitilities.obj
d:\computer graphics\openmesh_ex\openmesh_ex_beifen\openmesh_ex\debug\openmesh_ex.tlog\metagen.write.1.tlog
d:\computer graphics\openmesh_ex\openmesh_ex_beifen\openmesh_ex\debug\openmesh_ex.myform.resources
d:\computer graphics\openmesh_ex\openmesh_ex_beifen\openmesh_ex\debug\openmesh_ex.vcxproj.generateresource.cache
d:\computer graphics\openmesh_ex\openmesh_ex_beifen\openmesh_ex\debug\openmesh_ex.vcxprojassemblyreference.cache
d:\computer graphics\openmesh_ex\openmesh_ex_beifen\openmesh_ex\debug\.netframework,version=v4.5.2.assemblyattributes.obj
d:\computer graphics\openmesh_ex\openmesh_ex_beifen\debug\openmesh_ex.pdb
d:\computer graphics\openmesh_ex\openmesh_ex_beifen\debug\openmesh_ex.exe
d:\computer graphics\openmesh_ex\openmesh_ex_beifen\openmesh_ex\debug\openmesh_ex.tlog\cl.command.1.tlog
d:\computer graphics\openmesh_ex\openmesh_ex_beifen\openmesh_ex\debug\openmesh_ex.tlog\cl.read.1.tlog
d:\computer graphics\openmesh_ex\openmesh_ex_beifen\openmesh_ex\debug\openmesh_ex.tlog\cl.write.1.tlog
d:\computer graphics\openmesh_ex\openmesh_ex_beifen\openmesh_ex\debug\openmesh_ex.tlog\link.command.1.tlog
d:\computer graphics\openmesh_ex\openmesh_ex_beifen\openmesh_ex\debug\openmesh_ex.tlog\link.read.1.tlog
d:\computer graphics\openmesh_ex\openmesh_ex_beifen\openmesh_ex\debug\openmesh_ex.tlog\link.write.1.tlog
d:\computer graphics\openmesh_ex\openmesh_ex_beifen\openmesh_ex\debug\openmesh_ex.tlog\metagen.read.1.tlog
d:\computer graphics\openmesh_ex\openmesh_ex_beifen\openmesh_ex\debug\openmesh_ex.tlog\openmesh_ex.write.1u.tlog
d:\computer graphics\openmesh_ex\openmesh_ex_beifen\openmesh_ex\debug\openmesh_ex.tlog\hkoglpanel.dll.metagen
